2026-04-06

本次改动记录

1. 拍照入口重做
- 聊天页拍照改成全屏打开自定义相机，不再走系统半屏弹窗。
- `ImagePicker` 拆成相册选择和自定义相机两套流程，新增拍照预览、重拍、切换前后摄和取景引导。

2. 上传和报错提示优化
- 上传附件时补上更明确的文件名上下文，失败提示里会带错误 ID，方便排查。
- 网络层补充了更多用户能看懂的错误文案，比如空文件、超时、连不上服务、文件过大、服务异常等情况。
- 附件状态更新方式做了调整，避免界面不刷新或状态显示不准。

3. 语音录音和语音工作区稳定性改进
- 录音写文件时改成直接使用当前音频文件对象，避免闭包里引用不稳定。
- 语音工作区新增顶部横幅提示，保存失败、转写失败、退后台中断录音这些情况会直接提醒用户。
- App 进入后台时会主动停止录音，避免录音状态卡住。

4. 聊天页和启动页的小调整
- 附件卡片刷新标识改成跟上传状态联动，音频时长准备和播放器停止也改得更稳一些。
- 启动页和空白页文案、尺寸、间距做了调整，首页引导更明显。

5. 本次提交额外处理
- `.derivedData/` 加入 `.gitignore`，避免把本地产物带进版本库。

未纳入本次提交
- `log1.log`
- `log2.log`
- `.derivedData/`
